[2020-03-23T23:17:40.946674+01:00] stephanie_ludgate.WARNING: UhOh [] []
[2020-03-23T23:23:44.967058+01:00] stephanie_ludgate.WARNING: UhOh [] []
[2020-03-23T23:30:11.002759+01:00] stephanie_ludgate.NOTICE: Logout Redirect [] []
[2020-03-23T23:30:11.044725+01:00] stephanie_ludgate.WARNING: UhOh [] []
[2020-03-24T00:18:33.337509+01:00] stephanie_ludgate.ALERT: User Logged Out ["","Current user: Guest"] []
[2020-03-24T00:18:42.059702+01:00] stephanie_ludgate.NOTICE: User Logged In ["12345"] []
[2020-03-24T00:24:36.442768+01:00] stephanie_ludgate.ALERT: User Logged Out ["","Current user: Guest"] []
[2020-03-24T00:24:49.075353+01:00] stephanie_ludgate.NOTICE: User Logged In ["12345"] []
[2020-03-24T00:25:55.010067+01:00] stephanie_ludgate.ALERT: User Logged Out ["","Current user: Guest"] []
[2020-03-24T00:26:00.984874+01:00] stephanie_ludgate.NOTICE: User Logged In ["12345"] []
[2020-03-24T00:29:07.955178+01:00] stephanie_ludgate.ALERT: User Logged Out ["12345","Current user: Guest"] []
[2020-03-24T00:29:12.604119+01:00] stephanie_ludgate.NOTICE: Logout Redirect [] []
[2020-03-24T00:29:12.646653+01:00] stephanie_ludgate.WARNING: UhOh [] []
[2020-03-24T00:29:13.482013+01:00] stephanie_ludgate.NOTICE: Logout Redirect [] []
[2020-03-24T00:29:13.520804+01:00] stephanie_ludgate.WARNING: UhOh [] []
[2020-03-24T00:31:36.762572+01:00] stephanie_ludgate.NOTICE: User Logged In ["12345"] []
[2020-03-24T00:31:42.330068+01:00] stephanie_ludgate.ALERT: User Logged Out ["12345"] []
[2020-03-24T00:31:43.294037+01:00] stephanie_ludgate.NOTICE: Logout Redirect [] []
[2020-03-24T00:31:43.333506+01:00] stephanie_ludgate.WARNING: UhOh [] []
[2020-03-24T00:31:51.919010+01:00] stephanie_ludgate.NOTICE: Logout Redirect [] []
[2020-03-24T00:31:51.963085+01:00] stephanie_ludgate.WARNING: UhOh [] []
[2020-03-24T00:31:53.468738+01:00] stephanie_ludgate.NOTICE: Logout Redirect [] []
[2020-03-24T00:31:53.510612+01:00] stephanie_ludgate.WARNING: UhOh [] []
[2020-03-24T00:31:59.671101+01:00] stephanie_ludgate.NOTICE: Logout Redirect [] []
[2020-03-24T00:31:59.709704+01:00] stephanie_ludgate.WARNING: UhOh [] []
[2020-03-24T00:33:09.329541+01:00] stephanie_ludgate.NOTICE: User Logged In ["12345"] []
///
[2020-03-24T00:34:02.196947+01:00] stephanie_ludgate.ALERT: User Logged Out ["12345"] []
[2020-03-24T00:34:20.838371+01:00] stephanie_ludgate.NOTICE: Logout Redirect [] []
[2020-03-24T00:34:20.890416+01:00] stephanie_ludgate.WARNING: UhOh [] []
[2020-03-24T00:34:21.490916+01:00] stephanie_ludgate.NOTICE: Logout Redirect [] []
[2020-03-24T00:34:21.528609+01:00] stephanie_ludgate.WARNING: UhOh [] []
[2020-03-24T00:34:25.207184+01:00] stephanie_ludgate.NOTICE: Logout Redirect [] []
[2020-03-24T00:46:26.152905+01:00] stephanie_ludgate.NOTICE: User Logged In ["12345"] []
[2020-03-24T00:54:26.338363+01:00] stephanie_ludgate.ALERT: User Logged Out ["12345"] []
[2020-03-24T00:54:31.760260+01:00] stephanie_ludgate.NOTICE: User Logged In ["12345"] []
[2020-03-24T00:59:33.773925+01:00] stephanie_ludgate.ALERT: User Logged Out ["12345"] []
[2020-03-24T00:59:39.709414+01:00] stephanie_ludgate.NOTICE: User Logged In ["12345"] []
[2020-03-24T01:02:53.881453+01:00] stephanie_ludgate.ALERT: User Logged Out ["12345"] []
[2020-03-24T01:03:00.821544+01:00] stephanie_ludgate.NOTICE: User Logged In ["12345"] []
[2020-03-24T01:05:47.921631+01:00] stephanie_ludgate.ALERT: User Logged Out ["12345"] []
[2020-03-24T01:05:55.723200+01:00] stephanie_ludgate.NOTICE: User Logged In ["77777"] []
[2020-03-24T01:05:55.775120+01:00] stephanie_ludgate.INFO: Quoted By ["Louis Srygley"] []
[2020-03-24T01:06:05.390842+01:00] stephanie_ludgate.INFO: Quoted By ["Chris Pine"] []
[2020-03-24T01:06:42.229983+01:00] stephanie_ludgate.INFO: Quoted By ["Max Kanat-Alexander"] []
[2020-03-24T01:06:49.563501+01:00] stephanie_ludgate.INFO: Quoted By ["Joshua Bloch"] []
[2020-03-24T01:07:27.061682+01:00] stephanie_ludgate.INFO: Quoted By ["Edsger Dijkstra"] []
[2020-03-24T01:08:28.286846+01:00] stephanie_ludgate.NOTICE: Time Expired ["77777"] []
[2020-03-24T01:08:28.334064+01:00] stephanie_ludgate.ALERT: User Logged Out ["77777"] []
[2020-03-24T01:11:45.409391+01:00] stephanie_ludgate.NOTICE: User Logged In ["12345"] []
[2020-03-24T01:11:45.460890+01:00] stephanie_ludgate.INFO: Quoted By ["Louis Srygley"] []
[2020-03-24T01:11:48.130171+01:00] stephanie_ludgate.INFO: Quoted By ["Doug Linder"] []
[2020-03-24T01:11:50.993408+01:00] stephanie_ludgate.INFO: Quoted By ["Muhammad Waseem"] []
[2020-03-24T01:11:53.291130+01:00] stephanie_ludgate.INFO: Quoted By ["Max Kanat-Alexander"] []
[2020-03-24T01:11:55.537484+01:00] stephanie_ludgate.INFO: Quoted By ["Chris Pine"] []
[2020-03-24T01:11:57.055773+01:00] stephanie_ludgate.INFO: Quoted By [null] []
[2020-03-24T01:11:58.636656+01:00] stephanie_ludgate.INFO: Quoted By ["Martin Golding"] []
[2020-03-24T01:12:00.397135+01:00] stephanie_ludgate.INFO: Quoted By [null] []
[2020-03-24T01:12:02.731062+01:00] stephanie_ludgate.INFO: Quoted By ["Waseem Latif"] []
[2020-03-24T01:12:04.558495+01:00] stephanie_ludgate.INFO: Quoted By [null] []
[2020-03-24T01:12:06.272799+01:00] stephanie_ludgate.INFO: Quoted By ["Michael Sinz"] []
[2020-03-24T01:12:11.443332+01:00] stephanie_ludgate.INFO: Quoted By ["Edsger Dijkstra"] []
[2020-03-24T01:12:15.293434+01:00] stephanie_ludgate.INFO: Quoted By ["Muhammad Waseem"] []
[2020-03-24T01:12:17.803313+01:00] stephanie_ludgate.INFO: Quoted By ["Max Kanat-Alexander"] []
[2020-03-24T01:12:20.620953+01:00] stephanie_ludgate.INFO: Quoted By ["Edsger Dijkstra"] []
[2020-03-24T01:12:23.114967+01:00] stephanie_ludgate.INFO: Quoted By [null] []
[2020-03-24T01:12:24.961329+01:00] stephanie_ludgate.INFO: Quoted By ["Muhammad Waseem"] []
[2020-03-24T01:12:42.731541+01:00] stephanie_ludgate.INFO: Quoted By null []
[2020-03-24T01:12:46.382793+01:00] stephanie_ludgate.INFO: Quoted By ["Louis Srygley"] []
[2020-03-24T01:12:50.935121+01:00] stephanie_ludgate.INFO: Quoted By ["Michael Sinz"] []
[2020-03-24T01:12:54.460705+01:00] stephanie_ludgate.INFO: Quoted By ["Chris Pine"] []
[2020-03-24T01:12:58.780286+01:00] stephanie_ludgate.INFO: Quoted By ["Waseem Latif"] []
[2020-03-24T01:13:01.221962+01:00] stephanie_ludgate.INFO: Quoted By [null] []
[2020-03-24T01:13:03.955730+01:00] stephanie_ludgate.INFO: Quoted By ["Louis Srygley"] []
[2020-03-24T01:13:08.083934+01:00] stephanie_ludgate.INFO: Quoted By ["Max Kanat-Alexander"] []
[2020-03-24T01:13:10.522312+01:00] stephanie_ludgate.INFO: Quoted By ["Martin Fowler"] []
[2020-03-24T01:13:12.825901+01:00] stephanie_ludgate.INFO: Quoted By ["Dennis Ritchie"] []
[2020-03-24T01:13:16.193487+01:00] stephanie_ludgate.INFO: Quoted By ["Doug Linder"] []
[2020-03-24T01:13:18.597202+01:00] stephanie_ludgate.INFO: Quoted By null []
[2020-03-24T01:13:21.838176+01:00] stephanie_ludgate.INFO: Quoted By ["Edsger Dijkstra"] []
[2020-03-24T01:13:23.821961+01:00] stephanie_ludgate.INFO: Quoted By null []
[2020-03-24T01:13:27.960612+01:00] stephanie_ludgate.INFO: Quoted By ["Michael Sinz"] []
[2020-03-24T01:13:29.515904+01:00] stephanie_ludgate.INFO: Quoted By ["Louis Srygley"] []
[2020-03-24T01:13:31.996196+01:00] stephanie_ludgate.INFO: Quoted By ["Martin Golding"] []
[2020-03-24T01:13:35.157135+01:00] stephanie_ludgate.INFO: Quoted By ["Martin Fowler"] []
[2020-03-24T01:13:37.074035+01:00] stephanie_ludgate.INFO: Quoted By [null] []
[2020-03-24T01:13:38.527464+01:00] stephanie_ludgate.INFO: Quoted By ["C.A.R. Hoare"] []
[2020-03-24T01:13:42.072438+01:00] stephanie_ludgate.INFO: Quoted By [null] []
[2020-03-24T01:13:44.283175+01:00] stephanie_ludgate.INFO: Quoted By [null] []
[2020-03-24T01:13:46.431606+01:00] stephanie_ludgate.NOTICE: Time Expired ["12345"] []
[2020-03-24T01:13:46.474682+01:00] stephanie_ludgate.ALERT: User Logged Out ["12345"] []
[2020-03-24T01:15:31.399229+01:00] stephanie_ludgate.NOTICE: User Logged In ["51118"] []
[2020-03-24T01:15:31.446919+01:00] stephanie_ludgate.INFO: Quoted By ["Muhammad Waseem"] []
[2020-03-24T01:15:34.536281+01:00] stephanie_ludgate.INFO: Quoted By ["Edsger Dijkstra"] []
[2020-03-24T01:15:38.306725+01:00] stephanie_ludgate.INFO: Quoted By ["Martin Fowler"] []
[2020-03-24T01:15:40.366837+01:00] stephanie_ludgate.INFO: Quoted By ["Louis Srygley"] []
[2020-03-24T01:15:43.369665+01:00] stephanie_ludgate.INFO: Quoted By ["Unknown"] []
[2020-03-24T01:15:45.856647+01:00] stephanie_ludgate.INFO: Quoted By ["C.A.R. Hoare"] []
[2020-03-24T01:15:47.637196+01:00] stephanie_ludgate.INFO: Quoted By ["Martin Golding"] []
[2020-03-24T01:16:08.984892+01:00] stephanie_ludgate.INFO: Quoted By ["Waseem Latif"] []
[2020-03-24T01:16:13.633851+01:00] stephanie_ludgate.INFO: Quoted By ["Martin Fowler"] []
[2020-03-24T01:16:28.849436+01:00] stephanie_ludgate.INFO: Quoted By ["C.A.R. Hoare"] []
[2020-03-24T01:16:30.319722+01:00] stephanie_ludgate.INFO: Quoted By ["Chris Pine"] []
[2020-03-24T01:16:31.956230+01:00] stephanie_ludgate.INFO: Quoted By ["Unknown"] []
[2020-03-24T01:16:33.739451+01:00] stephanie_ludgate.INFO: Quoted By ["Max Kanat-Alexander"] []
[2020-03-24T01:16:37.254440+01:00] stephanie_ludgate.INFO: Quoted By ["Doug Linder"] []
[2020-03-24T01:16:48.825726+01:00] stephanie_ludgate.INFO: Quoted By ["C.A.R. Hoare"] []
[2020-03-24T01:16:52.552984+01:00] stephanie_ludgate.ALERT: User Logged Out ["51118"] []
[2020-03-24T01:16:53.477407+01:00] stephanie_ludgate.NOTICE: Logout Redirect [] []
[2020-03-24T01:16:53.517915+01:00] stephanie_ludgate.WARNING: UhOh [] []
[2020-03-24T01:20:09.756062+01:00] stephanie_ludgate.NOTICE: Logout Redirect [] []
[2020-03-24T01:20:09.799722+01:00] stephanie_ludgate.WARNING: UhOh [] []
[2020-03-24T01:20:11.011845+01:00] stephanie_ludgate.NOTICE: Logout Redirect [] []
[2020-03-24T01:20:11.054638+01:00] stephanie_ludgate.WARNING: UhOh [] []
[2020-03-24T01:20:22.507927+01:00] stephanie_ludgate.NOTICE: User Logged In ["12345"] []
[2020-03-24T01:20:22.560833+01:00] stephanie_ludgate.INFO: Quoted By ["Chris Pine"] []
[2020-03-24T01:20:26.435314+01:00] stephanie_ludgate.ALERT: User Logged Out ["12345"] []
[2020-03-24T01:20:27.543700+01:00] stephanie_ludgate.NOTICE: Logout Redirect [] []
[2020-03-24T01:20:27.586809+01:00] stephanie_ludgate.WARNING: UhOh [] []
[2020-03-30T17:33:33.803413+02:00] stephanie_ludgate.NOTICE: Logout Redirect [] []
[2020-03-30T17:33:34.006615+02:00] stephanie_ludgate.WARNING: UhOh [] []
[2020-03-30T17:35:12.227208+02:00] stephanie_ludgate.NOTICE: Logout Redirect [] []
[2020-03-30T17:35:12.270199+02:00] stephanie_ludgate.WARNING: UhOh [] []
